<?xml version="1.0" encoding="UTF-8"?>
<testsuite xmlns:xsi="http://www.w3.org/2001/XMLSchema-instance" xsi:noNamespaceSchemaLocation="https://maven.apache.org/surefire/maven-surefire-plugin/xsd/surefire-test-report.xsd" version="3.0.2" name="org.mps.ronqi2.RonQI2SilverTest" time="0.674" tests="37" errors="0" skipped="0" failures="0">
  <properties>
    <property name="java.specification.version" value="23"/>
    <property name="sun.jnu.encoding" value="UTF-8"/>
    <property name="java.class.path" value="/Users/daniilgumenyuk/Documents/UMA/Curso_3/Semestre_2/Mantenimiento_Y_Pruebas_de_Software/Prácticas/pr3MyP/target/test-classes:/Users/daniilgumenyuk/Documents/UMA/Curso_3/Semestre_2/Mantenimiento_Y_Pruebas_de_Software/Prácticas/pr3MyP/target/classes:/Users/daniilgumenyuk/.m2/repository/org/junit/jupiter/junit-jupiter/5.10.1/junit-jupiter-5.10.1.jar:/Users/daniilgumenyuk/.m2/repository/org/junit/jupiter/junit-jupiter-api/5.10.1/junit-jupiter-api-5.10.1.jar:/Users/daniilgumenyuk/.m2/repository/org/opentest4j/opentest4j/1.3.0/opentest4j-1.3.0.jar:/Users/daniilgumenyuk/.m2/repository/org/junit/platform/junit-platform-commons/1.10.1/junit-platform-commons-1.10.1.jar:/Users/daniilgumenyuk/.m2/repository/org/apiguardian/apiguardian-api/1.1.2/apiguardian-api-1.1.2.jar:/Users/daniilgumenyuk/.m2/repository/org/junit/jupiter/junit-jupiter-params/5.10.1/junit-jupiter-params-5.10.1.jar:/Users/daniilgumenyuk/.m2/repository/org/junit/jupiter/junit-jupiter-engine/5.10.1/junit-jupiter-engine-5.10.1.jar:/Users/daniilgumenyuk/.m2/repository/org/junit/platform/junit-platform-engine/1.10.1/junit-platform-engine-1.10.1.jar:/Users/daniilgumenyuk/.m2/repository/org/mockito/mockito-core/5.16.0/mockito-core-5.16.0.jar:/Users/daniilgumenyuk/.m2/repository/net/bytebuddy/byte-buddy/1.15.11/byte-buddy-1.15.11.jar:/Users/daniilgumenyuk/.m2/repository/net/bytebuddy/byte-buddy-agent/1.15.11/byte-buddy-agent-1.15.11.jar:/Users/daniilgumenyuk/.m2/repository/org/objenesis/objenesis/3.3/objenesis-3.3.jar:/Users/daniilgumenyuk/.m2/repository/org/mockito/mockito-junit-jupiter/5.16.0/mockito-junit-jupiter-5.16.0.jar:"/>
    <property name="java.vm.vendor" value="Homebrew"/>
    <property name="sun.arch.data.model" value="64"/>
    <property name="java.vendor.url" value="https://github.com/Homebrew/homebrew-core/issues"/>
    <property name="user.timezone" value="Europe/Madrid"/>
    <property name="os.name" value="Mac OS X"/>
    <property name="java.vm.specification.version" value="23"/>
    <property name="sun.java.launcher" value="SUN_STANDARD"/>
    <property name="user.country" value="ES"/>
    <property name="sun.boot.library.path" value="/opt/homebrew/Cellar/openjdk/23.0.2/libexec/openjdk.jdk/Contents/Home/lib"/>
    <property name="sun.java.command" value="/Users/daniilgumenyuk/Documents/UMA/Curso_3/Semestre_2/Mantenimiento_Y_Pruebas_de_Software/Prácticas/pr3MyP/target/surefire/surefirebooter-20250410094515465_3.jar /Users/daniilgumenyuk/Documents/UMA/Curso_3/Semestre_2/Mantenimiento_Y_Pruebas_de_Software/Prácticas/pr3MyP/target/surefire 2025-04-10T09-45-15_435-jvmRun1 surefire-20250410094515465_1tmp surefire_0-20250410094515465_2tmp"/>
    <property name="jdk.debug" value="release"/>
    <property name="surefire.test.class.path" value="/Users/daniilgumenyuk/Documents/UMA/Curso_3/Semestre_2/Mantenimiento_Y_Pruebas_de_Software/Prácticas/pr3MyP/target/test-classes:/Users/daniilgumenyuk/Documents/UMA/Curso_3/Semestre_2/Mantenimiento_Y_Pruebas_de_Software/Prácticas/pr3MyP/target/classes:/Users/daniilgumenyuk/.m2/repository/org/junit/jupiter/junit-jupiter/5.10.1/junit-jupiter-5.10.1.jar:/Users/daniilgumenyuk/.m2/repository/org/junit/jupiter/junit-jupiter-api/5.10.1/junit-jupiter-api-5.10.1.jar:/Users/daniilgumenyuk/.m2/repository/org/opentest4j/opentest4j/1.3.0/opentest4j-1.3.0.jar:/Users/daniilgumenyuk/.m2/repository/org/junit/platform/junit-platform-commons/1.10.1/junit-platform-commons-1.10.1.jar:/Users/daniilgumenyuk/.m2/repository/org/apiguardian/apiguardian-api/1.1.2/apiguardian-api-1.1.2.jar:/Users/daniilgumenyuk/.m2/repository/org/junit/jupiter/junit-jupiter-params/5.10.1/junit-jupiter-params-5.10.1.jar:/Users/daniilgumenyuk/.m2/repository/org/junit/jupiter/junit-jupiter-engine/5.10.1/junit-jupiter-engine-5.10.1.jar:/Users/daniilgumenyuk/.m2/repository/org/junit/platform/junit-platform-engine/1.10.1/junit-platform-engine-1.10.1.jar:/Users/daniilgumenyuk/.m2/repository/org/mockito/mockito-core/5.16.0/mockito-core-5.16.0.jar:/Users/daniilgumenyuk/.m2/repository/net/bytebuddy/byte-buddy/1.15.11/byte-buddy-1.15.11.jar:/Users/daniilgumenyuk/.m2/repository/net/bytebuddy/byte-buddy-agent/1.15.11/byte-buddy-agent-1.15.11.jar:/Users/daniilgumenyuk/.m2/repository/org/objenesis/objenesis/3.3/objenesis-3.3.jar:/Users/daniilgumenyuk/.m2/repository/org/mockito/mockito-junit-jupiter/5.16.0/mockito-junit-jupiter-5.16.0.jar:"/>
    <property name="sun.cpu.endian" value="little"/>
    <property name="user.home" value="/Users/daniilgumenyuk"/>
    <property name="user.language" value="es"/>
    <property name="java.specification.vendor" value="Oracle Corporation"/>
    <property name="java.version.date" value="2025-01-21"/>
    <property name="java.home" value="/opt/homebrew/Cellar/openjdk/23.0.2/libexec/openjdk.jdk/Contents/Home"/>
    <property name="file.separator" value="/"/>
    <property name="basedir" value="/Users/daniilgumenyuk/Documents/UMA/Curso_3/Semestre_2/Mantenimiento_Y_Pruebas_de_Software/Prácticas/pr3MyP"/>
    <property name="java.vm.compressedOopsMode" value="Zero based"/>
    <property name="line.separator" value="&#10;"/>
    <property name="java.vm.specification.vendor" value="Oracle Corporation"/>
    <property name="java.specification.name" value="Java Platform API Specification"/>
    <property name="apple.awt.application.name" value="ForkedBooter"/>
    <property name="surefire.real.class.path" value="/Users/daniilgumenyuk/Documents/UMA/Curso_3/Semestre_2/Mantenimiento_Y_Pruebas_de_Software/Prácticas/pr3MyP/target/surefire/surefirebooter-20250410094515465_3.jar"/>
    <property name="sun.management.compiler" value="HotSpot 64-Bit Tiered Compilers"/>
    <property name="java.runtime.version" value="23.0.2"/>
    <property name="user.name" value="daniilgumenyuk"/>
    <property name="stdout.encoding" value="UTF-8"/>
    <property name="path.separator" value=":"/>
    <property name="os.version" value="15.4"/>
    <property name="java.runtime.name" value="OpenJDK Runtime Environment"/>
    <property name="file.encoding" value="UTF-8"/>
    <property name="java.vm.name" value="OpenJDK 64-Bit Server VM"/>
    <property name="java.vendor.version" value="Homebrew"/>
    <property name="localRepository" value="/Users/daniilgumenyuk/.m2/repository"/>
    <property name="java.vendor.url.bug" value="https://github.com/Homebrew/homebrew-core/issues"/>
    <property name="java.io.tmpdir" value="/var/folders/mp/3b9ds2tn4z76d7mw19zpd2_80000gn/T/"/>
    <property name="java.version" value="23.0.2"/>
    <property name="user.dir" value="/Users/daniilgumenyuk/Documents/UMA/Curso_3/Semestre_2/Mantenimiento_Y_Pruebas_de_Software/Prácticas/pr3MyP"/>
    <property name="os.arch" value="aarch64"/>
    <property name="java.vm.specification.name" value="Java Virtual Machine Specification"/>
    <property name="native.encoding" value="UTF-8"/>
    <property name="java.library.path" value="/Users/daniilgumenyuk/Library/Java/Extensions:/Library/Java/Extensions:/Network/Library/Java/Extensions:/System/Library/Java/Extensions:/usr/lib/java:."/>
    <property name="java.vm.info" value="mixed mode, sharing"/>
    <property name="stderr.encoding" value="UTF-8"/>
    <property name="java.vendor" value="Homebrew"/>
    <property name="java.vm.version" value="23.0.2"/>
    <property name="sun.io.unicode.encoding" value="UnicodeBig"/>
    <property name="java.class.version" value="67.0"/>
  </properties>
  <testcase name="reconectar_NoSeConectaElSensorDeSonido_DevuelveFalso" classname="org.mps.ronqi2.RonQI2SilverTest" time="0.566">
    <system-err><![CDATA[Mockito is currently self-attaching to enable the inline-mock-maker. This will no longer work in future releases of the JDK. Please add Mockito as an agent to your build as described in Mockito's documentation: https://javadoc.io/doc/org.mockito/mockito-core/latest/org/mockito/Mockito.html#0.3
WARNING: A Java agent has been loaded dynamically (/Users/daniilgumenyuk/.m2/repository/net/bytebuddy/byte-buddy-agent/1.15.11/byte-buddy-agent-1.15.11.jar)
WARNING: If a serviceability tool is in use, please run with -XX:+EnableDynamicAgentLoading to hide this warning
WARNING: If a serviceability tool is not in use, please run with -Djdk.instrument.traceUsage for more information
WARNING: Dynamic loading of agents will be disallowed by default in a future release
]]></system-err>
  </testcase>
  <testcase name="valuarApneaSuenyo_NoHayDatosSonido_PresionSuperaLimite_NoHayApnea()[1]" classname="org.mps.ronqi2.RonQI2SilverTest" time="0.004"/>
  <testcase name="valuarApneaSuenyo_NoHayDatosSonido_PresionSuperaLimite_NoHayApnea()[2]" classname="org.mps.ronqi2.RonQI2SilverTest" time="0.002"/>
  <testcase name="valuarApneaSuenyo_NoHayDatosSonido_PresionSuperaLimite_NoHayApnea()[3]" classname="org.mps.ronqi2.RonQI2SilverTest" time="0.002"/>
  <testcase name="estaConectado_DispositivoNoEstaConectado_DevuelveFalso" classname="org.mps.ronqi2.RonQI2SilverTest" time="0.001"/>
  <testcase name="inicializar_SeConectanYSeConfiguranSensores_DevuelveVerdadero" classname="org.mps.ronqi2.RonQI2SilverTest" time="0.002"/>
  <testcase name="evaluarApneaSuenyo_NoHayDatosSensorSonido_NoHayApnea(int)[1]" classname="org.mps.ronqi2.RonQI2SilverTest" time="0.009"/>
  <testcase name="evaluarApneaSuenyo_NoHayDatosSensorSonido_NoHayApnea(int)[2]" classname="org.mps.ronqi2.RonQI2SilverTest" time="0.002"/>
  <testcase name="evaluarApneaSuenyo_NoHayDatosSensorSonido_NoHayApnea(int)[3]" classname="org.mps.ronqi2.RonQI2SilverTest" time="0.002"/>
  <testcase name="estaConectado_DispositivoEstaConectado_DevuelveVerdadero" classname="org.mps.ronqi2.RonQI2SilverTest" time="0.001"/>
  <testcase name="reconectar_SeConectanAmbosSensores_DevuelveVerdadero" classname="org.mps.ronqi2.RonQI2SilverTest" time="0.001"/>
  <testcase name="valuarApneaSuenyo_NoHayDatosPresion_SonidoSuperaLimite_NoHayApnea()[1]" classname="org.mps.ronqi2.RonQI2SilverTest" time="0.001"/>
  <testcase name="valuarApneaSuenyo_NoHayDatosPresion_SonidoSuperaLimite_NoHayApnea()[2]" classname="org.mps.ronqi2.RonQI2SilverTest" time="0.001"/>
  <testcase name="valuarApneaSuenyo_NoHayDatosPresion_SonidoSuperaLimite_NoHayApnea()[3]" classname="org.mps.ronqi2.RonQI2SilverTest" time="0.001"/>
  <testcase name="evaluarApneaSuenyo_NoHayDatosDeSensores_NoHayApnea" classname="org.mps.ronqi2.RonQI2SilverTest" time="0.001"/>
  <testcase name="inicializar_NoSeConectaSonido_DevuelveFalso" classname="org.mps.ronqi2.RonQI2SilverTest" time="0.001"/>
  <testcase name="reconectar_NoSeConectaElSensorDePresion_DevuelveFalso" classname="org.mps.ronqi2.RonQI2SilverTest" time="0.001"/>
  <testcase name="evaluarApneaSuenyo_SeSuperaLimitePresion_NoHayApnea(int)[1]" classname="org.mps.ronqi2.RonQI2SilverTest" time="0.001"/>
  <testcase name="evaluarApneaSuenyo_SeSuperaLimitePresion_NoHayApnea(int)[2]" classname="org.mps.ronqi2.RonQI2SilverTest" time="0.001"/>
  <testcase name="evaluarApneaSuenyo_SeSuperaLimitePresion_NoHayApnea(int)[3]" classname="org.mps.ronqi2.RonQI2SilverTest" time="0.002"/>
  <testcase name="reconectar_DispositivoConectado_DevuelveFalso" classname="org.mps.ronqi2.RonQI2SilverTest" time="0.006"/>
  <testcase name="inicializar_NoSeConectaPresion_DevuelveFalso" classname="org.mps.ronqi2.RonQI2SilverTest" time="0.002"/>
  <testcase name="evaluarApneaSuenyo_NoHayDatosSensorPresion_NoHayApnea()[1]" classname="org.mps.ronqi2.RonQI2SilverTest" time="0.001"/>
  <testcase name="evaluarApneaSuenyo_NoHayDatosSensorPresion_NoHayApnea()[2]" classname="org.mps.ronqi2.RonQI2SilverTest" time="0.001"/>
  <testcase name="evaluarApneaSuenyo_NoHayDatosSensorPresion_NoHayApnea()[3]" classname="org.mps.ronqi2.RonQI2SilverTest" time="0.001"/>
  <testcase name="reconectar_NoSeConectanSensores_DevuelveFalso" classname="org.mps.ronqi2.RonQI2SilverTest" time="0.001"/>
  <testcase name="evaluarApneaSuenyo_SeSuperanLimitesPresionSonido_HayApnea(int)[1]" classname="org.mps.ronqi2.RonQI2SilverTest" time="0.001"/>
  <testcase name="evaluarApneaSuenyo_SeSuperanLimitesPresionSonido_HayApnea(int)[2]" classname="org.mps.ronqi2.RonQI2SilverTest" time="0.001"/>
  <testcase name="evaluarApneaSuenyo_SeSuperanLimitesPresionSonido_HayApnea(int)[3]" classname="org.mps.ronqi2.RonQI2SilverTest" time="0.001"/>
  <testcase name="inicializar_NoSeConfiguraSonido_DevuelveFalso" classname="org.mps.ronqi2.RonQI2SilverTest" time="0.001"/>
  <testcase name="evaluarApneaSuenyo_noSeSuperanLimites_NoHayApnea(int)[1]" classname="org.mps.ronqi2.RonQI2SilverTest" time="0.002"/>
  <testcase name="evaluarApneaSuenyo_noSeSuperanLimites_NoHayApnea(int)[2]" classname="org.mps.ronqi2.RonQI2SilverTest" time="0.002"/>
  <testcase name="evaluarApneaSuenyo_noSeSuperanLimites_NoHayApnea(int)[3]" classname="org.mps.ronqi2.RonQI2SilverTest" time="0.001"/>
  <testcase name="inicializar_NoSeConfiguraPresion_DevuelveFalse" classname="org.mps.ronqi2.RonQI2SilverTest" time="0.001"/>
  <testcase name="evaluarApneaSuenyo_SeSuperaLimiteSonido_NoHayApnea(int)[1]" classname="org.mps.ronqi2.RonQI2SilverTest" time="0.001"/>
  <testcase name="evaluarApneaSuenyo_SeSuperaLimiteSonido_NoHayApnea(int)[2]" classname="org.mps.ronqi2.RonQI2SilverTest" time="0.001"/>
  <testcase name="evaluarApneaSuenyo_SeSuperaLimiteSonido_NoHayApnea(int)[3]" classname="org.mps.ronqi2.RonQI2SilverTest" time="0.001"/>
</testsuite>